2019-07-08 14:13:19.4087|TRACE|DeployPackages|Moving old generated files to cache.
2019-07-08 14:13:19.6929|TRACE|DeployPackages|Getting packages.
2019-07-08 14:13:19.7737|ERROR|DeploymentConfiguration|No packages defined in 'RhetosPackages.config'. Edit the new file to set which Rhetos packages will be deployed. Note that removing a Rhetos package from the file will uninstall the package.
2019-07-08 14:13:19.8239|TRACE|Packages|Rhetos 2.11.0 (requested from Rhetos framework) in C:\Users\Dominik\source\repos\RhetosEdukacija\demo\dist\demoRhetosServer.
2019-07-08 14:13:20.5699|TRACE|DeployPackages|Loading plugins.
2019-07-08 14:13:22.2007|TRACE|DeployPackages|SQL connection: DataSource=DESKTOP-L6QVT7J\SQLEXPRESS, InitialCatalog=RhetosEdukacija
2019-07-08 14:13:22.5485|TRACE|DeployPackages|Preparing Rhetos database.
2019-07-08 14:13:23.3883|TRACE|DeployPackages|Parsing DSL scripts.
2019-07-08 14:13:23.7199|TRACE|DeployPackages|Application model has 1 statements.
2019-07-08 14:13:23.7199|TRACE|DeployPackages|Compiling DOM assembly.
2019-07-08 14:13:23.7614|ERROR|DeployPackages|WARNING: Empty assembly is generated.
2019-07-08 14:13:23.7768|TRACE|DeployPackages|Executing EntityFrameworkMappingGenerator.
2019-07-08 14:13:23.8017|TRACE|DeployPackages|Cleaning old migration data.
2019-07-08 14:13:23.9167|TRACE|DeployPackages|Deleted 0 columns in data migration schemas, 0 remaining.
2019-07-08 14:13:23.9336|TRACE|DeployPackages|Executing data migration scripts.
2019-07-08 14:13:23.9897|TRACE|DeployPackages|Executed 0 of 0 scripts.
2019-07-08 14:13:24.0040|TRACE|DeployPackages|Upgrading database.
2019-07-08 14:13:24.2399|TRACE|DeployPackages|DatabaseGenerator removing 0 concept applications.
2019-07-08 14:13:24.2559|TRACE|DeployPackages|DatabaseGenerator creating 0 concept applications.
2019-07-08 14:13:24.2711|TRACE|DeployPackages|Deleting redundant migration data.
2019-07-08 14:13:24.3025|TRACE|DeployPackages|Deleted 0 columns in data migration schemas, 0 remaining.
2019-07-08 14:13:24.3325|TRACE|DeployPackages|Uploading DSL scripts.
2019-07-08 14:13:24.4354|TRACE|DeployPackages|Uploaded 0 DSL scripts to database.
2019-07-08 14:13:24.4494|TRACE|DeployPackages|Loading generated plugins.
2019-07-08 14:13:24.4794|TRACE|DeployPackages|No server initialization plugins.
2019-07-08 14:13:24.5022|TRACE|DeployPackages|Updated Web.config modification date to restart server.
2019-07-08 14:13:24.5121|TRACE|DeployPackages|Done.
