2019-07-08 15:20:10.3018|TRACE|Performance|00:00:00.0578826 FileSyncer.UpdateDestination 9 destinations, 25 moved.
2019-07-08 15:20:13.8289|TRACE|Performance|00:00:03.4500238 PackageDownloader: Found the NuGet package Rhetos.CommonConcepts (version not specified) at https://www.nuget.org/api/v2/.
2019-07-08 15:20:14.9331|TRACE|Performance|00:00:01.1037171 PackageDownloader: Installed NuGet package Rhetos.CommonConcepts.
2019-07-08 15:20:15.4427|TRACE|Performance|00:00:00.4467864 PackageDownloader: Found the NuGet package Rhetos.RestGenerator (version not specified) at https://www.nuget.org/api/v2/.
2019-07-08 15:20:15.6227|TRACE|Performance|00:00:00.1800262 PackageDownloader: Installed NuGet package Rhetos.RestGenerator.
2019-07-08 15:20:15.6763|TRACE|Performance|00:00:00.0026593 PackageDownloader.DeleteObsoletePackages
2019-07-08 15:20:15.8509|TRACE|Performance|00:00:00.1496758 FileSyncer.UpdateDestination 2 destinations, 20 copied.
2019-07-08 15:20:15.9314|TRACE|Performance|00:00:05.6037100 PackageDownloader.GetPackages.
2019-07-08 15:20:16.4685|TRACE|Performance|00:00:00.0016739 MefPluginScanner: Listed assemblies (7).
2019-07-08 15:20:17.4183|TRACE|Performance|00:00:00.9376589 MefPluginScanner: Loaded plugins (512).
2019-07-08 15:20:17.6438|TRACE|Performance|00:00:01.2217582 DeployPackages.Program: Modules and plugins registered.
2019-07-08 15:20:18.6636|TRACE|Performance|00:00:00.0707063 DslParser.CreateGenericParsers.
2019-07-08 15:20:18.8420|TRACE|Performance|00:00:00.1764037 DslParser.ExtractConcepts (208 concepts).
2019-07-08 15:20:18.8420|TRACE|Performance|00:00:00.0025646 DslParser.InitializeAlternativeInitializationConcepts (0 new concepts created).
2019-07-08 15:20:18.9151|TRACE|Performance|00:00:00.0410943 DslModel.ExpandMacroConcepts initialization (117 evaluators, 204 parsed concepts resolved, 0 unresolved).
2019-07-08 15:20:18.9901|TRACE|Performance|00:00:00.0725585 DslModel.ExpandMacroConcepts iteration 1 (324 new concepts, 0 left unresolved).
2019-07-08 15:20:18.9982|TRACE|Performance|00:00:00.0101902 DslModel.ExpandMacroConcepts iteration 2 (6 new concepts, 0 left unresolved).
2019-07-08 15:20:18.9982|TRACE|Performance|00:00:00.0059298 DslModel.ExpandMacroConcepts iteration 3 (0 new concepts, 0 left unresolved).
2019-07-08 15:20:19.0335|TRACE|Performance|00:00:00.0204426 DslModel.ExpandMacroConcepts total time for IConceptMacro Rhetos.Dsl.DefaultConcepts.ImplementsInterfaceMacro for Rhetos.Dsl.DefaultConcepts.ImplementsInterfaceInfo.
2019-07-08 15:20:19.0335|TRACE|Performance|00:00:00.0078093 DslModel.ExpandMacroConcepts total time for IConceptMacro Rhetos.Dom.DefaultConcepts.ClearPrincipalCacheMacro for Rhetos.Dsl.InitializationConcept.
2019-07-08 15:20:19.0335|TRACE|Performance|00:00:00.0064095 DslModel.ExpandMacroConcepts total time for IConceptMacro Rhetos.Dsl.DefaultConcepts.AutoInheritRowPermissionsMacro for Rhetos.Dsl.InitializationConcept.
2019-07-08 15:20:19.0335|TRACE|Performance|00:00:00.0046634 DslModel.ExpandMacroConcepts total time for IConceptMacro Rhetos.Dsl.DefaultConcepts.ItemFilterMacro for Rhetos.Dsl.DefaultConcepts.ItemFilterInfo.
2019-07-08 15:20:19.0335|TRACE|Performance|00:00:00.0045124 DslModel.ExpandMacroConcepts total time for IConceptMacro Rhetos.Dsl.DefaultConcepts.PropertyFromMacro for Rhetos.Dsl.DefaultConcepts.PropertyFromInfo.
2019-07-08 15:20:19.0335|TRACE|Performance|00:00:00.1594146 DslModel.ExpandMacroConcepts.
2019-07-08 15:20:19.0335|TRACE|Performance|00:00:00.0349952 DslContainer.AddNewConceptsAndReplaceReferences total time.
2019-07-08 15:20:19.0335|TRACE|Performance|00:00:00.0018872 DslContainer.ValidateNewConceptSameAsExisting total time.
2019-07-08 15:20:19.0474|TRACE|Performance|00:00:00.0028762 DslModel.CheckSemantics total time for LoadOldItemsTakeInfo.
2019-07-08 15:20:19.0474|TRACE|Performance|00:00:00.0008551 DslModel.CheckSemantics total time for RegisteredInterfaceImplementationInfo.
2019-07-08 15:20:19.0474|TRACE|Performance|00:00:00.0004556 DslModel.CheckSemantics total time for PropertyLoggingInfo.
2019-07-08 15:20:19.0474|TRACE|Performance|00:00:00.0076383 DslModel.CheckSemantics
2019-07-08 15:20:19.0474|TRACE|Performance|00:00:00.0035327 DslContainer.SortReferencesBeforeUsingConcept.
2019-07-08 15:20:19.0474|TRACE|Performance|00:00:00.4653949 DslModel.Initialize (534 concepts).
2019-07-08 15:20:19.0474|TRACE|Performance|00:00:00.0000521 DslModel.LogDslModel.
2019-07-08 15:20:19.1261|TRACE|Performance|00:00:00.0689072 DslModelFile.Save.
2019-07-08 15:20:19.3103|TRACE|Performance|00:00:00.1586632 CodeGenerator: Code generated.
2019-07-08 15:20:19.3858|TRACE|Performance|00:00:00.0575513 AssemblyGenerator: Save source and hash (ServerDom.Model.dll).
2019-07-08 15:20:19.4776|TRACE|Performance|00:00:00.0908969 AssemblyGenerator: Assembly from cache (ServerDom.Model.dll).
2019-07-08 15:20:19.4819|TRACE|Performance|00:00:00.0058915 AssemblyGenerator: Report errors (ServerDom.Model.dll).
2019-07-08 15:20:19.5083|TRACE|Performance|00:00:00.0250633 AssemblyGenerator: Save source and hash (ServerDom.Orm.dll).
2019-07-08 15:20:19.5920|TRACE|Performance|00:00:00.0829327 AssemblyGenerator: Assembly from cache (ServerDom.Orm.dll).
2019-07-08 15:20:19.5920|TRACE|Performance|00:00:00.0003994 AssemblyGenerator: Report errors (ServerDom.Orm.dll).
2019-07-08 15:20:19.6846|TRACE|Performance|00:00:00.0903233 AssemblyGenerator: Save source and hash (ServerDom.Repositories.dll).
2019-07-08 15:20:20.2930|TRACE|Performance|00:00:00.6075288 AssemblyGenerator: CSharpCodeProvider.CompileAssemblyFromFile (ServerDom.Repositories.dll).
2019-07-08 15:20:20.3882|TRACE|Performance|00:00:00.0948899 AssemblyGenerator: Report errors (ServerDom.Repositories.dll).
2019-07-08 15:20:20.4425|TRACE|Performance|00:00:00.0164778 CodeGenerator: Code generated.
2019-07-08 15:20:20.4545|TRACE|Performance|00:00:00.0283168 EntityFrameworkMappingGenerator.GenerateMapping
2019-07-08 15:20:20.5244|TRACE|Performance|00:00:00.0514703 CodeGenerator: Code generated.
2019-07-08 15:20:20.5846|TRACE|Performance|00:00:00.0591549 AssemblyGenerator: Save source and hash (RestService.dll).
2019-07-08 15:20:20.6724|TRACE|Performance|00:00:00.0885313 AssemblyGenerator: Assembly from cache (RestService.dll).
2019-07-08 15:20:20.6724|TRACE|Performance|00:00:00.0010750 AssemblyGenerator: Report errors (RestService.dll).
2019-07-08 15:20:20.7098|TRACE|Performance|00:00:00.0178085 EntityFrameworkMetadata: Restore cached EDM files.
2019-07-08 15:20:20.9271|TRACE|Performance|00:00:00.0637659 DatabaseGenerator: Loaded old concept applications.
2019-07-08 15:20:20.9782|TRACE|Performance|00:00:00.0483644 DatabaseGenerator.CreateNewApplications: Created concept applications from plugins.
2019-07-08 15:20:21.0091|TRACE|Performance|00:00:00.0323214 DatabaseGenerator.CreateNewApplications: ExtractDependenciesFromConceptInfos executed.
2019-07-08 15:20:21.0479|TRACE|Performance|00:00:00.0354518 DatabaseGenerator.CreateNewApplications: ExtractDependenciesFromMefPluginMetadata executed.
2019-07-08 15:20:21.0479|TRACE|Performance|00:00:00.0063149 DatabaseGenerator.CreateNewApplications: Dependencies union executed.
2019-07-08 15:20:21.0479|TRACE|Performance|00:00:00.0757530 DatabaseGenerator.CreateNewApplications: ExtractDependencies executed.
2019-07-08 15:20:21.0624|TRACE|Performance|00:00:00.0080151 DatabaseGenerator.CreateNewApplications: UpdateConceptApplicationsFromDependencyList executed.
2019-07-08 15:20:21.0624|TRACE|Performance|00:00:00.0847343 DatabaseGenerator.CreateNewApplications: Computed dependencies.
2019-07-08 15:20:21.1319|TRACE|Performance|00:00:00.0696941 DatabaseGenerator.CreateNewApplications: Generated SQL queries for new concept applications.
2019-07-08 15:20:21.1319|TRACE|Performance|00:00:00.2048340 DatabaseGenerator: Created new concept applications.
2019-07-08 15:20:21.1319|TRACE|Performance|00:00:00.0021927 DatabaseGenerator: Verify new concept applications' integrity.
2019-07-08 15:20:21.1488|TRACE|Performance|00:00:00.0168113 DatabaseGenerator: Removed unused concept applications.
2019-07-08 15:20:21.1615|TRACE|Performance|00:00:00.0124436 DatabaseGenerator: Analyzed differences in database structure.
2019-07-08 15:20:21.1776|TRACE|Performance|00:00:00.0129947 DatabaseGenerator.ApplyChangesToDatabase: Prepared SQL scripts for removing concept applications.
2019-07-08 15:20:21.1889|TRACE|Performance|00:00:00.0118346 DatabaseGenerator.ApplyChangesToDatabase: Prepared SQL scripts for updating unchanged concept applications' metadata.
2019-07-08 15:20:21.2044|TRACE|Performance|00:00:00.0146066 DatabaseGenerator.ApplyChangesToDatabase: Prepared SQL scripts for inserting concept applications.
2019-07-08 15:20:21.2044|TRACE|Performance|00:00:00.0003746 DatabaseGenerator.ApplyChangesToDatabase: Executed 0 SQL scripts.
2019-07-08 15:20:21.2044|TRACE|Performance|00:00:00.0406351 DatabaseGenerator: Applied changes to database.
2019-07-08 15:20:21.2150|TRACE|Performance|00:00:00.0110458 DatabaseGenerator: Verified integrity of saved concept applications metadata.
2019-07-08 15:20:21.2150|TRACE|Performance|00:00:00.3518088 DatabaseGenerator.UpdateDatabaseStructure
2019-07-08 15:20:21.3302|TRACE|Performance|00:00:00.0022123 MefPluginScanner: Listed assemblies (11).
2019-07-08 15:20:21.4715|TRACE|Performance|00:00:00.1404260 MefPluginScanner: Loaded plugins (515).
2019-07-08 15:20:21.5510|TRACE|Performance|00:00:00.2226451 DeployPackages.Program: New modules and plugins registered.
2019-07-08 15:20:22.5090|TRACE|Performance|00:00:00.7046388 EntityFrameworkMetadata: Load EDM files.
2019-07-08 15:20:25.4754|TRACE|Performance|00:00:00.0107746 DomLoader.LoadObjectModel ServerDom.Model
2019-07-08 15:20:25.4754|TRACE|Performance|00:00:00.0008185 DomLoader.LoadObjectModel ServerDom.Orm
2019-07-08 15:20:25.4754|TRACE|Performance|00:00:00.0007689 DomLoader.LoadObjectModel ServerDom.Repositories
2019-07-08 15:20:25.5240|TRACE|Performance|00:00:00.0448483 DslModelFile.Load.
2019-07-08 15:20:25.5402|TRACE|Performance|00:00:00.0619253 DslModelFile.Initialize (534 concepts).
2019-07-08 15:20:25.5569|TRACE|Performance|00:00:03.9817173 KeepSynchronizedRecomputeOnDeploy: Load metadata.
2019-07-08 15:20:25.5757|TRACE|Performance|00:00:00.0192439 KeepSynchronizedRecomputeOnDeploy: Save metadata.
2019-07-08 15:20:25.6249|TRACE|Performance|00:00:00.0273686 ClaimGenerator.Generate: Generate new claims.
2019-07-08 15:20:25.6374|TRACE|Performance|00:00:00.0006152 GenericRepository(Common.Claim).InsertOrUpdateOrDeleteOrDeactivate: Initialize new items (63)
2019-07-08 15:20:25.6659|TRACE|Performance|00:00:00.0281991 GenericRepository(Common.Claim).InsertOrUpdateOrDeleteOrDeactivate: Load old items (63)
2019-07-08 15:20:25.6680|TRACE|Performance|00:00:00.0031003 GenericRepository(Common.Claim).InsertOrUpdateOrDeleteOrDeactivate: Diff (63 new items, 63 old items, 0 to insert, 0 to update, 0 to delete)
2019-07-08 15:20:25.9501|TRACE|Performance|00:00:00.2789633 GenericRepository(Common.Claim).InsertOrUpdateOrDeleteOrDeactivate: Deactivate (0 to deactivate, 0 already deactivated)
2019-07-08 15:20:25.9734|TRACE|Performance|00:00:00.0222928 GenericRepository(Common.Claim).InsertOrUpdateOrDeleteOrDeactivate: Save (63 new items, 63 old items, 0 to insert, 0 to update, 0 to delete)
2019-07-08 15:20:25.9734|TRACE|Performance|00:00:00.3479266 ClaimGenerator.Generate: Save claims.
